<?xml version="1.0" encoding="UTF-8"?>
<testng-results ignored="0" total="1" passed="1" failed="0" skipped="0">
  <reporter-output>
  </reporter-output>
  <suite started-at="2024-05-07T15:27:57 IST" name="Default suite" finished-at="2024-05-07T15:28:15 IST" duration-ms="18504">
    <groups>
    </groups>
    <test started-at="2024-05-07T15:27:57 IST" name="Default test" finished-at="2024-05-07T15:28:15 IST" duration-ms="18504">
      <class name="SeleniumAssignmentPrograms.POMLoginClient">
        <test-method is-config="true" signature="beforeTest()[pri:0, instance:SeleniumAssignmentPrograms.POMLoginClient@15eb5ee5]" started-at="2024-05-07T15:27:57 IST" name="beforeTest" finished-at="2024-05-07T15:28:06 IST" duration-ms="9535" status="PASS">
          <reporter-output>
          </reporter-output>
        </test-method> <!-- beforeTest -->
        <test-method signature="login()[pri:0, instance:SeleniumAssignmentPrograms.POMLoginClient@15eb5ee5]" started-at="2024-05-07T15:28:07 IST" name="login" finished-at="2024-05-07T15:28:14 IST" duration-ms="7896" status="PASS">
          <reporter-output>
          </reporter-output>
        </test-method> <!-- login -->
        <test-method is-config="true" signature="afterMethod()[pri:0, instance:SeleniumAssignmentPrograms.POMLoginClient@15eb5ee5]" started-at="2024-05-07T15:28:14 IST" name="afterMethod" finished-at="2024-05-07T15:28:15 IST" duration-ms="967" status="PASS">
          <reporter-output>
          </reporter-output>
        </test-method> <!-- afterMethod -->
        <test-method is-config="true" signature="afterTest()[pri:0, instance:SeleniumAssignmentPrograms.POMLoginClient@15eb5ee5]" started-at="2024-05-07T15:28:15 IST" name="afterTest" finished-at="2024-05-07T15:28:15 IST" duration-ms="0" status="PASS">
          <reporter-output>
          </reporter-output>
        </test-method> <!-- afterTest -->
      </class> <!-- SeleniumAssignmentPrograms.POMLoginClient -->
    </test> <!-- Default test -->
  </suite> <!-- Default suite -->
</testng-results>
